<?xml version="1.0" encoding="UTF-8"?>
<!-- Generated by org.testng.reporters.JUnitReportReporter -->
<testsuite hostname="CompuTech" failures="0" tests="2" name="com.cts.testcases.TestCaseOne" time="49.546" errors="0" timestamp="2025-04-12T10:26:56 IST" skipped="0">
  <testcase classname="com.cts.testcases.TestCaseOne" name="loginAndCreateLead" time="31.639"/>
  <testcase classname="com.cts.testcases.TestCaseOne" name="loginAndLogout" time="17.907"/>
</testsuite> <!-- com.cts.testcases.TestCaseOne -->
