<?xml version="1.0" encoding="UTF-8"?>
<!-- Generated by org.testng.reporters.JUnitReportReporter -->
<testsuite hostname="CompuTech" failures="0" tests="2" name="sample.SampleTest" time="57.481" errors="0" timestamp="2025-04-05T12:24:20 IST" skipped="0">
  <testcase classname="sample.SampleTest" name="loginAndCreateLead" time="33.148"/>
  <testcase classname="sample.SampleTest" name="loginAndLogout" time="24.333"/>
</testsuite> <!-- sample.SampleTest -->
